<?xml version="1.0" encoding="UTF-8"?>
<coverage generated="1694511850958" clover="3.2.0">
  <project timestamp="1694511850959" name="All files">
    <metrics statements="40" coveredstatements="40" conditionals="7" coveredconditionals="7" methods="3" coveredmethods="3" elements="50" coveredelements="50" complexity="0" loc="40" ncloc="40" packages="1" files="1" classes="1"/>
    <file name="Calculator.tsx" path="C:\Users\adria.huertas\Documents\repos\testing\src\Calculator.tsx">
      <metrics statements="40" coveredstatements="40" conditionals="7" coveredconditionals="7" methods="3" coveredmethods="3"/>
      <line num="1" count="1" type="stmt"/>
      <line num="2" count="1" type="stmt"/>
      <line num="3" count="1" type="stmt"/>
      <line num="4" count="1" type="stmt"/>
      <line num="5" count="1" type="stmt"/>
      <line num="6" count="1" type="stmt"/>
      <line num="7" count="1" type="stmt"/>
      <line num="8" count="1" type="stmt"/>
      <line num="9" count="1" type="stmt"/>
      <line num="10" count="1" type="stmt"/>
      <line num="11" count="1" type="stmt"/>
      <line num="12" count="1" type="stmt"/>
      <line num="13" count="1" type="stmt"/>
      <line num="14" count="1" type="stmt"/>
      <line num="15" count="1" type="cond" truecount="1" falsecount="0"/>
      <line num="16" count="33" type="stmt"/>
      <line num="17" count="33" type="stmt"/>
      <line num="18" count="33" type="cond" truecount="2" falsecount="0"/>
      <line num="19" count="33" type="stmt"/>
      <line num="20" count="33" type="stmt"/>
      <line num="21" count="33" type="stmt"/>
      <line num="22" count="33" type="stmt"/>
      <line num="23" count="33" type="stmt"/>
      <line num="24" count="33" type="stmt"/>
      <line num="25" count="33" type="cond" truecount="1" falsecount="0"/>
      <line num="26" count="132" type="stmt"/>
      <line num="27" count="132" type="cond" truecount="1" falsecount="0"/>
      <line num="28" count="330" type="stmt"/>
      <line num="29" count="132" type="stmt"/>
      <line num="30" count="132" type="stmt"/>
      <line num="31" count="33" type="stmt"/>
      <line num="32" count="33" type="cond" truecount="1" falsecount="0"/>
      <line num="33" count="132" type="stmt"/>
      <line num="34" count="33" type="stmt"/>
      <line num="35" count="33" type="cond" truecount="1" falsecount="0"/>
      <line num="36" count="33" type="stmt"/>
      <line num="37" count="33" type="stmt"/>
      <line num="38" count="33" type="stmt"/>
      <line num="39" count="1" type="stmt"/>
      <line num="40" count="1" type="stmt"/>
    </file>
  </project>
</coverage>
