{"C:\\Users\\adria.huertas\\Documents\\repos\\testing\\src\\Calculator.tsx": {"path":"C:\\Users\\adria.huertas\\Documents\\repos\\testing\\src\\Calculator.tsx","all":false,"statementMap":{"0":{"start":{"line":1,"column":0},"end":{"line":1,"column":39}},"1":{"start":{"line":2,"column":0},"end":{"line":2,"column":33}},"2":{"start":{"line":3,"column":0},"end":{"line":3,"column":0}},"3":{"start":{"line":4,"column":0},"end":{"line":4,"column":14}},"4":{"start":{"line":5,"column":0},"end":{"line":5,"column":12}},"5":{"start":{"line":6,"column":0},"end":{"line":6,"column":12}},"6":{"start":{"line":7,"column":0},"end":{"line":7,"column":12}},"7":{"start":{"line":8,"column":0},"end":{"line":8,"column":6}},"8":{"start":{"line":9,"column":0},"end":{"line":9,"column":1}},"9":{"start":{"line":10,"column":0},"end":{"line":10,"column":0}},"10":{"start":{"line":11,"column":0},"end":{"line":11,"column":39}},"11":{"start":{"line":12,"column":0},"end":{"line":12,"column":0}},"12":{"start":{"line":13,"column":0},"end":{"line":13,"column":21}},"13":{"start":{"line":14,"column":0},"end":{"line":14,"column":0}},"14":{"start":{"line":15,"column":0},"end":{"line":15,"column":26}},"15":{"start":{"line":16,"column":0},"end":{"line":16,"column":40}},"16":{"start":{"line":17,"column":0},"end":{"line":17,"column":0}},"17":{"start":{"line":18,"column":0},"end":{"line":18,"column":66}},"18":{"start":{"line":19,"column":0},"end":{"line":19,"column":0}},"19":{"start":{"line":20,"column":0},"end":{"line":20,"column":10}},"20":{"start":{"line":21,"column":0},"end":{"line":21,"column":13}},"21":{"start":{"line":22,"column":0},"end":{"line":22,"column":25}},"22":{"start":{"line":23,"column":0},"end":{"line":23,"column":38}},"23":{"start":{"line":24,"column":0},"end":{"line":24,"column":23}},"24":{"start":{"line":25,"column":0},"end":{"line":25,"column":33}},"25":{"start":{"line":26,"column":0},"end":{"line":26,"column":36}},"26":{"start":{"line":27,"column":0},"end":{"line":27,"column":34}},"27":{"start":{"line":28,"column":0},"end":{"line":28,"column":100}},"28":{"start":{"line":29,"column":0},"end":{"line":29,"column":15}},"29":{"start":{"line":30,"column":0},"end":{"line":30,"column":16}},"30":{"start":{"line":31,"column":0},"end":{"line":31,"column":11}},"31":{"start":{"line":32,"column":0},"end":{"line":32,"column":40}},"32":{"start":{"line":33,"column":0},"end":{"line":33,"column":93}},"33":{"start":{"line":34,"column":0},"end":{"line":34,"column":11}},"34":{"start":{"line":35,"column":0},"end":{"line":35,"column":89}},"35":{"start":{"line":36,"column":0},"end":{"line":36,"column":12}},"36":{"start":{"line":37,"column":0},"end":{"line":37,"column":15}},"37":{"start":{"line":38,"column":0},"end":{"line":38,"column":1}},"38":{"start":{"line":39,"column":0},"end":{"line":39,"column":0}},"39":{"start":{"line":40,"column":0},"end":{"line":40,"column":25}}},"s":{"0":1,"1":1,"2":1,"3":1,"4":1,"5":1,"6":1,"7":1,"8":1,"9":1,"10":1,"11":1,"12":1,"13":1,"14":1,"15":33,"16":33,"17":33,"18":33,"19":33,"20":33,"21":33,"22":33,"23":33,"24":33,"25":132,"26":132,"27":330,"28":132,"29":132,"30":33,"31":33,"32":132,"33":33,"34":33,"35":33,"36":33,"37":33,"38":1,"39":1},"branchMap":{"0":{"type":"branch","line":15,"loc":{"start":{"line":15,"column":19},"end":{"line":38,"column":1}},"locations":[{"start":{"line":15,"column":19},"end":{"line":38,"column":1}}]},"1":{"type":"branch","line":18,"loc":{"start":{"line":18,"column":28},"end":{"line":18,"column":66}},"locations":[{"start":{"line":18,"column":28},"end":{"line":18,"column":66}}]},"2":{"type":"branch","line":18,"loc":{"start":{"line":18,"column":34},"end":{"line":18,"column":66}},"locations":[{"start":{"line":18,"column":34},"end":{"line":18,"column":66}}]},"3":{"type":"branch","line":25,"loc":{"start":{"line":25,"column":18},"end":{"line":30,"column":16}},"locations":[{"start":{"line":25,"column":18},"end":{"line":30,"column":16}}]},"4":{"type":"branch","line":27,"loc":{"start":{"line":27,"column":21},"end":{"line":28,"column":100}},"locations":[{"start":{"line":27,"column":21},"end":{"line":28,"column":100}}]},"5":{"type":"branch","line":32,"loc":{"start":{"line":32,"column":24},"end":{"line":33,"column":93}},"locations":[{"start":{"line":32,"column":24},"end":{"line":33,"column":93}}]},"6":{"type":"branch","line":35,"loc":{"start":{"line":35,"column":25},"end":{"line":35,"column":70}},"locations":[{"start":{"line":35,"column":25},"end":{"line":35,"column":70}}]}},"b":{"0":[33],"1":[462],"2":[18],"3":[132],"4":[330],"5":[132],"6":[3]},"fnMap":{"0":{"name":"Calculator","decl":{"start":{"line":15,"column":19},"end":{"line":38,"column":1}},"loc":{"start":{"line":15,"column":19},"end":{"line":38,"column":1}},"line":15},"1":{"name":"createHandleClick","decl":{"start":{"line":18,"column":28},"end":{"line":18,"column":66}},"loc":{"start":{"line":18,"column":28},"end":{"line":18,"column":66}},"line":18},"2":{"name":"onClick","decl":{"start":{"line":35,"column":25},"end":{"line":35,"column":70}},"loc":{"start":{"line":35,"column":25},"end":{"line":35,"column":70}},"line":35}},"f":{"0":33,"1":462,"2":3}}
}
